Copyright 1986-2020 Xilinx, Inc. All Rights Reserved.
--------------------------------------------------------------------------------------------------------------------------------------------------------------------------------------
| Tool Version : Vivado v.2020.2 (lin64) Build 3064766 Wed Nov 18 09:12:47 MST 2020
| Date         : Thu Feb  2 13:20:24 2023
| Host         : louth.ifi.uio.no running 64-bit Red Hat Enterprise Linux release 8.7 (Ootpa)
| Command      : report_timing_summary -max_paths 10 -file FIRST_timing_summary_routed.rpt -pb FIRST_timing_summary_routed.pb -rpx FIRST_timing_summary_routed.rpx -warn_on_violation
| Design       : FIRST
| Device       : 7z020-clg484
| Speed File   : -1  PRODUCTION 1.12 2019-11-22
--------------------------------------------------------------------------------------------------------------------------------------------------------------------------------------

Timing Summary Report

------------------------------------------------------------------------------------------------
| Timer Settings
| --------------
------------------------------------------------------------------------------------------------

  Enable Multi Corner Analysis               :  Yes
  Enable Pessimism Removal                   :  Yes
  Pessimism Removal Resolution               :  Nearest Common Node
  Enable Input Delay Default Clock           :  No
  Enable Preset / Clear Arcs                 :  No
  Disable Flight Delays                      :  No
  Ignore I/O Paths                           :  No
  Timing Early Launch at Borrowing Latches   :  No
  Borrow Time for Max Delay Exceptions       :  Yes
  Merge Timing Exceptions                    :  Yes

  Corner  Analyze    Analyze    
  Name    Max Paths  Min Paths  
  ------  ---------  ---------  
  Slow    Yes        Yes        
  Fast    Yes        Yes        



check_timing report

Table of Contents
-----------------
1. checking no_clock (0)
2. checking constant_clock (0)
3. checking pulse_width_clock (0)
4. checking unconstrained_internal_endpoints (0)
5. checking no_input_delay (7)
6. checking no_output_delay (6)
7. checking multiple_clock (0)
8. checking generated_clocks (0)
9. checking loops (0)
10. checking partial_input_delay (0)
11. checking partial_output_delay (0)
12. checking latch_loops (0)

1. checking no_clock (0)
------------------------
 There are 0 register/latch pins with no clock.


2. checking constant_clock (0)
------------------------------
 There are 0 register/latch pins with constant_clock.


3. checking pulse_width_clock (0)
---------------------------------
 There are 0 register/latch pins which need pulse_width check


4. checking unconstrained_internal_endpoints (0)
------------------------------------------------
 There are 0 pins that are not constrained for maximum delay.

 There are 0 pins that are not constrained for maximum delay due to constant clock.


5. checking no_input_delay (7)
------------------------------
 There are 7 input ports with no input delay specified. (HIGH)

 There are 0 input ports with no input delay but user has a false path constraint.


6. checking no_output_delay (6)
-------------------------------
 There are 6 ports with no output delay specified. (HIGH)

 There are 0 ports with no output delay but user has a false path constraint

 There are 0 ports with no output delay but with a timing clock defined on it or propagating through it


7. checking multiple_clock (0)
------------------------------
 There are 0 register/latch pins with multiple clocks.


8. checking generated_clocks (0)
--------------------------------
 There are 0 generated clocks that are not connected to a clock source.


9. checking loops (0)
---------------------
 There are 0 combinational loops in the design.


10. checking partial_input_delay (0)
------------------------------------
 There are 0 input ports with partial input delay specified.


11. checking partial_output_delay (0)
-------------------------------------
 There are 0 ports with partial output delay specified.


12. checking latch_loops (0)
----------------------------
 There are 0 combinational latch loops in the design through latch input



------------------------------------------------------------------------------------------------
| Design Timing Summary
| ---------------------
------------------------------------------------------------------------------------------------

    WNS(ns)      TNS(ns)  TNS Failing Endpoints  TNS Total Endpoints      WHS(ns)      THS(ns)  THS Failing Endpoints  THS Total Endpoints     WPWS(ns)     TPWS(ns)  TPWS Failing Endpoints  TPWS Total Endpoints  
    -------      -------  ---------------------  -------------------      -------      -------  ---------------------  -------------------     --------     --------  ----------------------  --------------------  
      8.331        0.000                      0                    4        0.274        0.000                      0                    4        4.500        0.000                       0                     5  


All user specified timing constraints are met.


------------------------------------------------------------------------------------------------
| Clock Summary
| -------------
------------------------------------------------------------------------------------------------

Clock  Waveform(ns)       Period(ns)      Frequency(MHz)
-----  ------------       ----------      --------------
clk    {0.000 5.000}      10.000          100.000         


------------------------------------------------------------------------------------------------
| Intra Clock Table
| -----------------
------------------------------------------------------------------------------------------------

Clock             WNS(ns)      TNS(ns)  TNS Failing Endpoints  TNS Total Endpoints      WHS(ns)      THS(ns)  THS Failing Endpoints  THS Total Endpoints     WPWS(ns)     TPWS(ns)  TPWS Failing Endpoints  TPWS Total Endpoints  
-----             -------      -------  ---------------------  -------------------      -------      -------  ---------------------  -------------------     --------     --------  ----------------------  --------------------  
clk                 8.331        0.000                      0                    4        0.274        0.000                      0                    4        4.500        0.000                       0                     5  


------------------------------------------------------------------------------------------------
| Inter Clock Table
| -----------------
------------------------------------------------------------------------------------------------

From Clock    To Clock          WNS(ns)      TNS(ns)  TNS Failing Endpoints  TNS Total Endpoints      WHS(ns)      THS(ns)  THS Failing Endpoints  THS Total Endpoints  
----------    --------          -------      -------  ---------------------  -------------------      -------      -------  ---------------------  -------------------  


------------------------------------------------------------------------------------------------
| Other Path Groups Table
| -----------------------
------------------------------------------------------------------------------------------------

Path Group    From Clock    To Clock          WNS(ns)      TNS(ns)  TNS Failing Endpoints  TNS Total Endpoints      WHS(ns)      THS(ns)  THS Failing Endpoints  THS Total Endpoints  
----------    ----------    --------          -------      -------  ---------------------  -------------------      -------      -------  ---------------------  -------------------  


------------------------------------------------------------------------------------------------
| Timing Details
| --------------
------------------------------------------------------------------------------------------------


---------------------------------------------------------------------------------------------------
From Clock:  clk
  To Clock:  clk

Setup :            0  Failing Endpoints,  Worst Slack        8.331ns,  Total Violation        0.000ns
Hold  :            0  Failing Endpoints,  Worst Slack        0.274ns,  Total Violation        0.000ns
PW    :            0  Failing Endpoints,  Worst Slack        4.500ns,  Total Violation        0.000ns
---------------------------------------------------------------------------------------------------


Max Delay Paths
--------------------------------------------------------------------------------------
Slack (MET) :             8.331ns  (required time - arrival time)
  Source:                 count_reg[1]/C
                            (rising edge-triggered cell FDCE clocked by clk  {rise@0.000ns fall@5.000ns period=10.000ns})
  Destination:            count_reg[3]/D
                            (rising edge-triggered cell FDCE clocked by clk  {rise@0.000ns fall@5.000ns period=10.000ns})
  Path Group:             clk
  Path Type:              Setup (Max at Slow Process Corner)
  Requirement:            10.000ns  (clk rise@10.000ns - clk rise@0.000ns)
  Data Path Delay:        1.698ns  (logic 0.797ns (46.947%)  route 0.901ns (53.053%))
  Logic Levels:           2  (LUT6=1 MUXF7=1)
  Clock Path Skew:        0.000ns (DCD - SCD + CPR)
    Destination Clock Delay (DCD):    5.436ns = ( 15.436 - 10.000 ) 
    Source Clock Delay      (SCD):    6.065ns
    Clock Pessimism Removal (CPR):    0.629ns
  Clock Uncertainty:      0.035ns  ((TSJ^2 + TIJ^2)^1/2 + DJ) / 2 + PE
    Total System Jitter     (TSJ):    0.071ns
    Total Input Jitter      (TIJ):    0.000ns
    Discrete Jitter          (DJ):    0.000ns
    Phase Error              (PE):    0.000ns

    Location             Delay type                Incr(ns)  Path(ns)    Netlist Resource(s)
  -------------------------------------------------------------------    -------------------
                         (clock clk rise edge)        0.000     0.000 r  
    T18                                               0.000     0.000 r  clk (IN)
                         net (fo=0)                   0.000     0.000    clk
    T18                  IBUF (Prop_ibuf_I_O)         1.470     1.470 r  clk_IBUF_inst/O
                         net (fo=1, routed)           2.625     4.095    clk_IBUF
    BUFGCTRL_X0Y0        BUFG (Prop_bufg_I_O)         0.101     4.196 r  clk_IBUF_BUFG_inst/O
                         net (fo=4, routed)           1.869     6.065    clk_IBUF_BUFG
    SLICE_X113Y52        FDCE                                         r  count_reg[1]/C
  -------------------------------------------------------------------    -------------------
    SLICE_X113Y52        FDCE (Prop_fdce_C_Q)         0.456     6.521 r  count_reg[1]/Q
                         net (fo=7, routed)           0.901     7.421    count_OBUF[1]
    SLICE_X113Y52        LUT6 (Prop_lut6_I3_O)        0.124     7.545 r  count[3]_i_3/O
                         net (fo=1, routed)           0.000     7.545    count[3]_i_3_n_0
    SLICE_X113Y52        MUXF7 (Prop_muxf7_I1_O)      0.217     7.762 r  count_reg[3]_i_1/O
                         net (fo=1, routed)           0.000     7.762    count_i[3]
    SLICE_X113Y52        FDCE                                         r  count_reg[3]/D
  -------------------------------------------------------------------    -------------------

                         (clock clk rise edge)       10.000    10.000 r  
    T18                                               0.000    10.000 r  clk (IN)
                         net (fo=0)                   0.000    10.000    clk
    T18                  IBUF (Prop_ibuf_I_O)         1.399    11.399 r  clk_IBUF_inst/O
                         net (fo=1, routed)           2.256    13.655    clk_IBUF
    BUFGCTRL_X0Y0        BUFG (Prop_bufg_I_O)         0.091    13.746 r  clk_IBUF_BUFG_inst/O
                         net (fo=4, routed)           1.690    15.436    clk_IBUF_BUFG
    SLICE_X113Y52        FDCE                                         r  count_reg[3]/C
                         clock pessimism              0.629    16.065    
                         clock uncertainty           -0.035    16.029    
    SLICE_X113Y52        FDCE (Setup_fdce_C_D)        0.064    16.093    count_reg[3]
  -------------------------------------------------------------------
                         required time                         16.093    
                         arrival time                          -7.762    
  -------------------------------------------------------------------
                         slack                                  8.331    

Slack (MET) :             8.651ns  (required time - arrival time)
  Source:                 count_reg[0]/C
                            (rising edge-triggered cell FDCE clocked by clk  {rise@0.000ns fall@5.000ns period=10.000ns})
  Destination:            count_reg[2]/D
                            (rising edge-triggered cell FDCE clocked by clk  {rise@0.000ns fall@5.000ns period=10.000ns})
  Path Group:             clk
  Path Type:              Setup (Max at Slow Process Corner)
  Requirement:            10.000ns  (clk rise@10.000ns - clk rise@0.000ns)
  Data Path Delay:        1.324ns  (logic 0.642ns (48.492%)  route 0.682ns (51.508%))
  Logic Levels:           1  (LUT6=1)
  Clock Path Skew:        -0.022ns (DCD - SCD + CPR)
    Destination Clock Delay (DCD):    5.436ns = ( 15.436 - 10.000 ) 
    Source Clock Delay      (SCD):    6.065ns
    Clock Pessimism Removal (CPR):    0.607ns
  Clock Uncertainty:      0.035ns  ((TSJ^2 + TIJ^2)^1/2 + DJ) / 2 + PE
    Total System Jitter     (TSJ):    0.071ns
    Total Input Jitter      (TIJ):    0.000ns
    Discrete Jitter          (DJ):    0.000ns
    Phase Error              (PE):    0.000ns

    Location             Delay type                Incr(ns)  Path(ns)    Netlist Resource(s)
  -------------------------------------------------------------------    -------------------
                         (clock clk rise edge)        0.000     0.000 r  
    T18                                               0.000     0.000 r  clk (IN)
                         net (fo=0)                   0.000     0.000    clk
    T18                  IBUF (Prop_ibuf_I_O)         1.470     1.470 r  clk_IBUF_inst/O
                         net (fo=1, routed)           2.625     4.095    clk_IBUF
    BUFGCTRL_X0Y0        BUFG (Prop_bufg_I_O)         0.101     4.196 r  clk_IBUF_BUFG_inst/O
                         net (fo=4, routed)           1.869     6.065    clk_IBUF_BUFG
    SLICE_X112Y52        FDCE                                         r  count_reg[0]/C
  -------------------------------------------------------------------    -------------------
    SLICE_X112Y52        FDCE (Prop_fdce_C_Q)         0.518     6.583 r  count_reg[0]/Q
                         net (fo=8, routed)           0.682     7.265    count_OBUF[0]
    SLICE_X113Y52        LUT6 (Prop_lut6_I4_O)        0.124     7.389 r  count[2]_i_1/O
                         net (fo=1, routed)           0.000     7.389    count_i[2]
    SLICE_X113Y52        FDCE                                         r  count_reg[2]/D
  -------------------------------------------------------------------    -------------------

                         (clock clk rise edge)       10.000    10.000 r  
    T18                                               0.000    10.000 r  clk (IN)
                         net (fo=0)                   0.000    10.000    clk
    T18                  IBUF (Prop_ibuf_I_O)         1.399    11.399 r  clk_IBUF_inst/O
                         net (fo=1, routed)           2.256    13.655    clk_IBUF
    BUFGCTRL_X0Y0        BUFG (Prop_bufg_I_O)         0.091    13.746 r  clk_IBUF_BUFG_inst/O
                         net (fo=4, routed)           1.690    15.436    clk_IBUF_BUFG
    SLICE_X113Y52        FDCE                                         r  count_reg[2]/C
                         clock pessimism              0.607    16.043    
                         clock uncertainty           -0.035    16.007    
    SLICE_X113Y52        FDCE (Setup_fdce_C_D)        0.032    16.039    count_reg[2]
  -------------------------------------------------------------------
                         required time                         16.039    
                         arrival time                          -7.389    
  -------------------------------------------------------------------
                         slack                                  8.651    

Slack (MET) :             8.653ns  (required time - arrival time)
  Source:                 count_reg[0]/C
                            (rising edge-triggered cell FDCE clocked by clk  {rise@0.000ns fall@5.000ns period=10.000ns})
  Destination:            count_reg[1]/D
                            (rising edge-triggered cell FDCE clocked by clk  {rise@0.000ns fall@5.000ns period=10.000ns})
  Path Group:             clk
  Path Type:              Setup (Max at Slow Process Corner)
  Requirement:            10.000ns  (clk rise@10.000ns - clk rise@0.000ns)
  Data Path Delay:        1.321ns  (logic 0.642ns (48.603%)  route 0.679ns (51.397%))
  Logic Levels:           1  (LUT5=1)
  Clock Path Skew:        -0.022ns (DCD - SCD + CPR)
    Destination Clock Delay (DCD):    5.436ns = ( 15.436 - 10.000 ) 
    Source Clock Delay      (SCD):    6.065ns
    Clock Pessimism Removal (CPR):    0.607ns
  Clock Uncertainty:      0.035ns  ((TSJ^2 + TIJ^2)^1/2 + DJ) / 2 + PE
    Total System Jitter     (TSJ):    0.071ns
    Total Input Jitter      (TIJ):    0.000ns
    Discrete Jitter          (DJ):    0.000ns
    Phase Error              (PE):    0.000ns

    Location             Delay type                Incr(ns)  Path(ns)    Netlist Resource(s)
  -------------------------------------------------------------------    -------------------
                         (clock clk rise edge)        0.000     0.000 r  
    T18                                               0.000     0.000 r  clk (IN)
                         net (fo=0)                   0.000     0.000    clk
    T18                  IBUF (Prop_ibuf_I_O)         1.470     1.470 r  clk_IBUF_inst/O
                         net (fo=1, routed)           2.625     4.095    clk_IBUF
    BUFGCTRL_X0Y0        BUFG (Prop_bufg_I_O)         0.101     4.196 r  clk_IBUF_BUFG_inst/O
                         net (fo=4, routed)           1.869     6.065    clk_IBUF_BUFG
    SLICE_X112Y52        FDCE                                         r  count_reg[0]/C
  -------------------------------------------------------------------    -------------------
    SLICE_X112Y52        FDCE (Prop_fdce_C_Q)         0.518     6.583 r  count_reg[0]/Q
                         net (fo=8, routed)           0.679     7.262    count_OBUF[0]
    SLICE_X113Y52        LUT5 (Prop_lut5_I4_O)        0.124     7.386 r  count[1]_i_1/O
                         net (fo=1, routed)           0.000     7.386    count_i[1]
    SLICE_X113Y52        FDCE                                         r  count_reg[1]/D
  -------------------------------------------------------------------    -------------------

                         (clock clk rise edge)       10.000    10.000 r  
    T18                                               0.000    10.000 r  clk (IN)
                         net (fo=0)                   0.000    10.000    clk
    T18                  IBUF (Prop_ibuf_I_O)         1.399    11.399 r  clk_IBUF_inst/O
                         net (fo=1, routed)           2.256    13.655    clk_IBUF
    BUFGCTRL_X0Y0        BUFG (Prop_bufg_I_O)         0.091    13.746 r  clk_IBUF_BUFG_inst/O
                         net (fo=4, routed)           1.690    15.436    clk_IBUF_BUFG
    SLICE_X113Y52        FDCE                                         r  count_reg[1]/C
                         clock pessimism              0.607    16.043    
                         clock uncertainty           -0.035    16.007    
    SLICE_X113Y52        FDCE (Setup_fdce_C_D)        0.031    16.038    count_reg[1]
  -------------------------------------------------------------------
                         required time                         16.038    
                         arrival time                          -7.386    
  -------------------------------------------------------------------
                         slack                                  8.653    

Slack (MET) :             8.842ns  (required time - arrival time)
  Source:                 count_reg[0]/C
                            (rising edge-triggered cell FDCE clocked by clk  {rise@0.000ns fall@5.000ns period=10.000ns})
  Destination:            count_reg[0]/D
                            (rising edge-triggered cell FDCE clocked by clk  {rise@0.000ns fall@5.000ns period=10.000ns})
  Path Group:             clk
  Path Type:              Setup (Max at Slow Process Corner)
  Requirement:            10.000ns  (clk rise@10.000ns - clk rise@0.000ns)
  Data Path Delay:        1.199ns  (logic 0.642ns (53.524%)  route 0.557ns (46.476%))
  Logic Levels:           1  (LUT3=1)
  Clock Path Skew:        0.000ns (DCD - SCD + CPR)
    Destination Clock Delay (DCD):    5.436ns = ( 15.436 - 10.000 ) 
    Source Clock Delay      (SCD):    6.065ns
    Clock Pessimism Removal (CPR):    0.629ns
  Clock Uncertainty:      0.035ns  ((TSJ^2 + TIJ^2)^1/2 + DJ) / 2 + PE
    Total System Jitter     (TSJ):    0.071ns
    Total Input Jitter      (TIJ):    0.000ns
    Discrete Jitter          (DJ):    0.000ns
    Phase Error              (PE):    0.000ns

    Location             Delay type                Incr(ns)  Path(ns)    Netlist Resource(s)
  -------------------------------------------------------------------    -------------------
                         (clock clk rise edge)        0.000     0.000 r  
    T18                                               0.000     0.000 r  clk (IN)
                         net (fo=0)                   0.000     0.000    clk
    T18                  IBUF (Prop_ibuf_I_O)         1.470     1.470 r  clk_IBUF_inst/O
                         net (fo=1, routed)           2.625     4.095    clk_IBUF
    BUFGCTRL_X0Y0        BUFG (Prop_bufg_I_O)         0.101     4.196 r  clk_IBUF_BUFG_inst/O
                         net (fo=4, routed)           1.869     6.065    clk_IBUF_BUFG
    SLICE_X112Y52        FDCE                                         r  count_reg[0]/C
  -------------------------------------------------------------------    -------------------
    SLICE_X112Y52        FDCE (Prop_fdce_C_Q)         0.518     6.583 f  count_reg[0]/Q
                         net (fo=8, routed)           0.557     7.140    count_OBUF[0]
    SLICE_X112Y52        LUT3 (Prop_lut3_I2_O)        0.124     7.264 r  count[0]_i_1/O
                         net (fo=1, routed)           0.000     7.264    count_i[0]
    SLICE_X112Y52        FDCE                                         r  count_reg[0]/D
  -------------------------------------------------------------------    -------------------

                         (clock clk rise edge)       10.000    10.000 r  
    T18                                               0.000    10.000 r  clk (IN)
                         net (fo=0)                   0.000    10.000    clk
    T18                  IBUF (Prop_ibuf_I_O)         1.399    11.399 r  clk_IBUF_inst/O
                         net (fo=1, routed)           2.256    13.655    clk_IBUF
    BUFGCTRL_X0Y0        BUFG (Prop_bufg_I_O)         0.091    13.746 r  clk_IBUF_BUFG_inst/O
                         net (fo=4, routed)           1.690    15.436    clk_IBUF_BUFG
    SLICE_X112Y52        FDCE                                         r  count_reg[0]/C
                         clock pessimism              0.629    16.065    
                         clock uncertainty           -0.035    16.029    
    SLICE_X112Y52        FDCE (Setup_fdce_C_D)        0.077    16.106    count_reg[0]
  -------------------------------------------------------------------
                         required time                         16.106    
                         arrival time                          -7.264    
  -------------------------------------------------------------------
                         slack                                  8.842    





Min Delay Paths
--------------------------------------------------------------------------------------
Slack (MET) :             0.274ns  (arrival time - required time)
  Source:                 count_reg[0]/C
                            (rising edge-triggered cell FDCE clocked by clk  {rise@0.000ns fall@5.000ns period=10.000ns})
  Destination:            count_reg[3]/D
                            (rising edge-triggered cell FDCE clocked by clk  {rise@0.000ns fall@5.000ns period=10.000ns})
  Path Group:             clk
  Path Type:              Hold (Min at Fast Process Corner)
  Requirement:            0.000ns  (clk rise@0.000ns - clk rise@0.000ns)
  Data Path Delay:        0.392ns  (logic 0.274ns (69.814%)  route 0.118ns (30.186%))
  Logic Levels:           2  (LUT6=1 MUXF7=1)
  Clock Path Skew:        0.013ns (DCD - SCD - CPR)
    Destination Clock Delay (DCD):    2.637ns
    Source Clock Delay      (SCD):    2.005ns
    Clock Pessimism Removal (CPR):    0.619ns

    Location             Delay type                Incr(ns)  Path(ns)    Netlist Resource(s)
  -------------------------------------------------------------------    -------------------
                         (clock clk rise edge)        0.000     0.000 r  
    T18                                               0.000     0.000 r  clk (IN)
                         net (fo=0)                   0.000     0.000    clk
    T18                  IBUF (Prop_ibuf_I_O)         0.237     0.237 r  clk_IBUF_inst/O
                         net (fo=1, routed)           1.103     1.341    clk_IBUF
    BUFGCTRL_X0Y0        BUFG (Prop_bufg_I_O)         0.026     1.367 r  clk_IBUF_BUFG_inst/O
                         net (fo=4, routed)           0.639     2.005    clk_IBUF_BUFG
    SLICE_X112Y52        FDCE                                         r  count_reg[0]/C
  -------------------------------------------------------------------    -------------------
    SLICE_X112Y52        FDCE (Prop_fdce_C_Q)         0.164     2.169 r  count_reg[0]/Q
                         net (fo=8, routed)           0.118     2.288    count_OBUF[0]
    SLICE_X113Y52        LUT6 (Prop_lut6_I2_O)        0.045     2.333 r  count[3]_i_3/O
                         net (fo=1, routed)           0.000     2.333    count[3]_i_3_n_0
    SLICE_X113Y52        MUXF7 (Prop_muxf7_I1_O)      0.065     2.398 r  count_reg[3]_i_1/O
                         net (fo=1, routed)           0.000     2.398    count_i[3]
    SLICE_X113Y52        FDCE                                         r  count_reg[3]/D
  -------------------------------------------------------------------    -------------------

                         (clock clk rise edge)        0.000     0.000 r  
    T18                                               0.000     0.000 r  clk (IN)
                         net (fo=0)                   0.000     0.000    clk
    T18                  IBUF (Prop_ibuf_I_O)         0.425     0.425 r  clk_IBUF_inst/O
                         net (fo=1, routed)           1.272     1.697    clk_IBUF
    BUFGCTRL_X0Y0        BUFG (Prop_bufg_I_O)         0.029     1.726 r  clk_IBUF_BUFG_inst/O
                         net (fo=4, routed)           0.911     2.637    clk_IBUF_BUFG
    SLICE_X113Y52        FDCE                                         r  count_reg[3]/C
                         clock pessimism             -0.619     2.018    
    SLICE_X113Y52        FDCE (Hold_fdce_C_D)         0.105     2.123    count_reg[3]
  -------------------------------------------------------------------
                         required time                         -2.123    
                         arrival time                           2.398    
  -------------------------------------------------------------------
                         slack                                  0.274    

Slack (MET) :             0.275ns  (arrival time - required time)
  Source:                 count_reg[2]/C
                            (rising edge-triggered cell FDCE clocked by clk  {rise@0.000ns fall@5.000ns period=10.000ns})
  Destination:            count_reg[2]/D
                            (rising edge-triggered cell FDCE clocked by clk  {rise@0.000ns fall@5.000ns period=10.000ns})
  Path Group:             clk
  Path Type:              Hold (Min at Fast Process Corner)
  Requirement:            0.000ns  (clk rise@0.000ns - clk rise@0.000ns)
  Data Path Delay:        0.367ns  (logic 0.186ns (50.662%)  route 0.181ns (49.338%))
  Logic Levels:           1  (LUT6=1)
  Clock Path Skew:        0.000ns (DCD - SCD - CPR)
    Destination Clock Delay (DCD):    2.637ns
    Source Clock Delay      (SCD):    2.005ns
    Clock Pessimism Removal (CPR):    0.632ns

    Location             Delay type                Incr(ns)  Path(ns)    Netlist Resource(s)
  -------------------------------------------------------------------    -------------------
                         (clock clk rise edge)        0.000     0.000 r  
    T18                                               0.000     0.000 r  clk (IN)
                         net (fo=0)                   0.000     0.000    clk
    T18                  IBUF (Prop_ibuf_I_O)         0.237     0.237 r  clk_IBUF_inst/O
                         net (fo=1, routed)           1.103     1.341    clk_IBUF
    BUFGCTRL_X0Y0        BUFG (Prop_bufg_I_O)         0.026     1.367 r  clk_IBUF_BUFG_inst/O
                         net (fo=4, routed)           0.639     2.005    clk_IBUF_BUFG
    SLICE_X113Y52        FDCE                                         r  count_reg[2]/C
  -------------------------------------------------------------------    -------------------
    SLICE_X113Y52        FDCE (Prop_fdce_C_Q)         0.141     2.146 r  count_reg[2]/Q
                         net (fo=6, routed)           0.181     2.327    count_OBUF[2]
    SLICE_X113Y52        LUT6 (Prop_lut6_I5_O)        0.045     2.372 r  count[2]_i_1/O
                         net (fo=1, routed)           0.000     2.372    count_i[2]
    SLICE_X113Y52        FDCE                                         r  count_reg[2]/D
  -------------------------------------------------------------------    -------------------

                         (clock clk rise edge)        0.000     0.000 r  
    T18                                               0.000     0.000 r  clk (IN)
                         net (fo=0)                   0.000     0.000    clk
    T18                  IBUF (Prop_ibuf_I_O)         0.425     0.425 r  clk_IBUF_inst/O
                         net (fo=1, routed)           1.272     1.697    clk_IBUF
    BUFGCTRL_X0Y0        BUFG (Prop_bufg_I_O)         0.029     1.726 r  clk_IBUF_BUFG_inst/O
                         net (fo=4, routed)           0.911     2.637    clk_IBUF_BUFG
    SLICE_X113Y52        FDCE                                         r  count_reg[2]/C
                         clock pessimism             -0.632     2.005    
    SLICE_X113Y52        FDCE (Hold_fdce_C_D)         0.092     2.097    count_reg[2]
  -------------------------------------------------------------------
                         required time                         -2.097    
                         arrival time                           2.372    
  -------------------------------------------------------------------
                         slack                                  0.275    

Slack (MET) :             0.288ns  (arrival time - required time)
  Source:                 count_reg[0]/C
                            (rising edge-triggered cell FDCE clocked by clk  {rise@0.000ns fall@5.000ns period=10.000ns})
  Destination:            count_reg[0]/D
                            (rising edge-triggered cell FDCE clocked by clk  {rise@0.000ns fall@5.000ns period=10.000ns})
  Path Group:             clk
  Path Type:              Hold (Min at Fast Process Corner)
  Requirement:            0.000ns  (clk rise@0.000ns - clk rise@0.000ns)
  Data Path Delay:        0.408ns  (logic 0.209ns (51.166%)  route 0.199ns (48.834%))
  Logic Levels:           1  (LUT3=1)
  Clock Path Skew:        0.000ns (DCD - SCD - CPR)
    Destination Clock Delay (DCD):    2.637ns
    Source Clock Delay      (SCD):    2.005ns
    Clock Pessimism Removal (CPR):    0.632ns

    Location             Delay type                Incr(ns)  Path(ns)    Netlist Resource(s)
  -------------------------------------------------------------------    -------------------
                         (clock clk rise edge)        0.000     0.000 r  
    T18                                               0.000     0.000 r  clk (IN)
                         net (fo=0)                   0.000     0.000    clk
    T18                  IBUF (Prop_ibuf_I_O)         0.237     0.237 r  clk_IBUF_inst/O
                         net (fo=1, routed)           1.103     1.341    clk_IBUF
    BUFGCTRL_X0Y0        BUFG (Prop_bufg_I_O)         0.026     1.367 r  clk_IBUF_BUFG_inst/O
                         net (fo=4, routed)           0.639     2.005    clk_IBUF_BUFG
    SLICE_X112Y52        FDCE                                         r  count_reg[0]/C
  -------------------------------------------------------------------    -------------------
    SLICE_X112Y52        FDCE (Prop_fdce_C_Q)         0.164     2.169 f  count_reg[0]/Q
                         net (fo=8, routed)           0.199     2.369    count_OBUF[0]
    SLICE_X112Y52        LUT3 (Prop_lut3_I2_O)        0.045     2.414 r  count[0]_i_1/O
                         net (fo=1, routed)           0.000     2.414    count_i[0]
    SLICE_X112Y52        FDCE                                         r  count_reg[0]/D
  -------------------------------------------------------------------    -------------------

                         (clock clk rise edge)        0.000     0.000 r  
    T18                                               0.000     0.000 r  clk (IN)
                         net (fo=0)                   0.000     0.000    clk
    T18                  IBUF (Prop_ibuf_I_O)         0.425     0.425 r  clk_IBUF_inst/O
                         net (fo=1, routed)           1.272     1.697    clk_IBUF
    BUFGCTRL_X0Y0        BUFG (Prop_bufg_I_O)         0.029     1.726 r  clk_IBUF_BUFG_inst/O
                         net (fo=4, routed)           0.911     2.637    clk_IBUF_BUFG
    SLICE_X112Y52        FDCE                                         r  count_reg[0]/C
                         clock pessimism             -0.632     2.005    
    SLICE_X112Y52        FDCE (Hold_fdce_C_D)         0.120     2.125    count_reg[0]
  -------------------------------------------------------------------
                         required time                         -2.125    
                         arrival time                           2.414    
  -------------------------------------------------------------------
                         slack                                  0.288    

Slack (MET) :             0.337ns  (arrival time - required time)
  Source:                 count_reg[1]/C
                            (rising edge-triggered cell FDCE clocked by clk  {rise@0.000ns fall@5.000ns period=10.000ns})
  Destination:            count_reg[1]/D
                            (rising edge-triggered cell FDCE clocked by clk  {rise@0.000ns fall@5.000ns period=10.000ns})
  Path Group:             clk
  Path Type:              Hold (Min at Fast Process Corner)
  Requirement:            0.000ns  (clk rise@0.000ns - clk rise@0.000ns)
  Data Path Delay:        0.429ns  (logic 0.186ns (43.336%)  route 0.243ns (56.664%))
  Logic Levels:           1  (LUT5=1)
  Clock Path Skew:        0.000ns (DCD - SCD - CPR)
    Destination Clock Delay (DCD):    2.637ns
    Source Clock Delay      (SCD):    2.005ns
    Clock Pessimism Removal (CPR):    0.632ns

    Location             Delay type                Incr(ns)  Path(ns)    Netlist Resource(s)
  -------------------------------------------------------------------    -------------------
                         (clock clk rise edge)        0.000     0.000 r  
    T18                                               0.000     0.000 r  clk (IN)
                         net (fo=0)                   0.000     0.000    clk
    T18                  IBUF (Prop_ibuf_I_O)         0.237     0.237 r  clk_IBUF_inst/O
                         net (fo=1, routed)           1.103     1.341    clk_IBUF
    BUFGCTRL_X0Y0        BUFG (Prop_bufg_I_O)         0.026     1.367 r  clk_IBUF_BUFG_inst/O
                         net (fo=4, routed)           0.639     2.005    clk_IBUF_BUFG
    SLICE_X113Y52        FDCE                                         r  count_reg[1]/C
  -------------------------------------------------------------------    -------------------
    SLICE_X113Y52        FDCE (Prop_fdce_C_Q)         0.141     2.146 r  count_reg[1]/Q
                         net (fo=7, routed)           0.243     2.390    count_OBUF[1]
    SLICE_X113Y52        LUT5 (Prop_lut5_I3_O)        0.045     2.435 r  count[1]_i_1/O
                         net (fo=1, routed)           0.000     2.435    count_i[1]
    SLICE_X113Y52        FDCE                                         r  count_reg[1]/D
  -------------------------------------------------------------------    -------------------

                         (clock clk rise edge)        0.000     0.000 r  
    T18                                               0.000     0.000 r  clk (IN)
                         net (fo=0)                   0.000     0.000    clk
    T18                  IBUF (Prop_ibuf_I_O)         0.425     0.425 r  clk_IBUF_inst/O
                         net (fo=1, routed)           1.272     1.697    clk_IBUF
    BUFGCTRL_X0Y0        BUFG (Prop_bufg_I_O)         0.029     1.726 r  clk_IBUF_BUFG_inst/O
                         net (fo=4, routed)           0.911     2.637    clk_IBUF_BUFG
    SLICE_X113Y52        FDCE                                         r  count_reg[1]/C
                         clock pessimism             -0.632     2.005    
    SLICE_X113Y52        FDCE (Hold_fdce_C_D)         0.092     2.097    count_reg[1]
  -------------------------------------------------------------------
                         required time                         -2.097    
                         arrival time                           2.435    
  -------------------------------------------------------------------
                         slack                                  0.337    





Pulse Width Checks
--------------------------------------------------------------------------------------
Clock Name:         clk
Waveform(ns):       { 0.000 5.000 }
Period(ns):         10.000
Sources:            { clk }

Check Type        Corner  Lib Pin  Reference Pin  Required(ns)  Actual(ns)  Slack(ns)  Location       Pin
Min Period        n/a     BUFG/I   n/a            2.155         10.000      7.845      BUFGCTRL_X0Y0  clk_IBUF_BUFG_inst/I
Min Period        n/a     FDCE/C   n/a            1.000         10.000      9.000      SLICE_X112Y52  count_reg[0]/C
Min Period        n/a     FDCE/C   n/a            1.000         10.000      9.000      SLICE_X113Y52  count_reg[1]/C
Min Period        n/a     FDCE/C   n/a            1.000         10.000      9.000      SLICE_X113Y52  count_reg[2]/C
Min Period        n/a     FDCE/C   n/a            1.000         10.000      9.000      SLICE_X113Y52  count_reg[3]/C
Low Pulse Width   Slow    FDCE/C   n/a            0.500         5.000       4.500      SLICE_X112Y52  count_reg[0]/C
Low Pulse Width   Slow    FDCE/C   n/a            0.500         5.000       4.500      SLICE_X113Y52  count_reg[1]/C
Low Pulse Width   Slow    FDCE/C   n/a            0.500         5.000       4.500      SLICE_X113Y52  count_reg[2]/C
Low Pulse Width   Slow    FDCE/C   n/a            0.500         5.000       4.500      SLICE_X113Y52  count_reg[3]/C
Low Pulse Width   Fast    FDCE/C   n/a            0.500         5.000       4.500      SLICE_X112Y52  count_reg[0]/C
Low Pulse Width   Fast    FDCE/C   n/a            0.500         5.000       4.500      SLICE_X113Y52  count_reg[1]/C
Low Pulse Width   Fast    FDCE/C   n/a            0.500         5.000       4.500      SLICE_X113Y52  count_reg[2]/C
Low Pulse Width   Fast    FDCE/C   n/a            0.500         5.000       4.500      SLICE_X113Y52  count_reg[3]/C
High Pulse Width  Slow    FDCE/C   n/a            0.500         5.000       4.500      SLICE_X112Y52  count_reg[0]/C
High Pulse Width  Fast    FDCE/C   n/a            0.500         5.000       4.500      SLICE_X112Y52  count_reg[0]/C
High Pulse Width  Slow    FDCE/C   n/a            0.500         5.000       4.500      SLICE_X113Y52  count_reg[1]/C
High Pulse Width  Fast    FDCE/C   n/a            0.500         5.000       4.500      SLICE_X113Y52  count_reg[1]/C
High Pulse Width  Slow    FDCE/C   n/a            0.500         5.000       4.500      SLICE_X113Y52  count_reg[2]/C
High Pulse Width  Fast    FDCE/C   n/a            0.500         5.000       4.500      SLICE_X113Y52  count_reg[2]/C
High Pulse Width  Slow    FDCE/C   n/a            0.500         5.000       4.500      SLICE_X113Y52  count_reg[3]/C
High Pulse Width  Fast    FDCE/C   n/a            0.500         5.000       4.500      SLICE_X113Y52  count_reg[3]/C



